[15:26:07] [main/DEBUG] [FML/]: Injecting tracing printstreams for STDOUT/STDERR.
[15:26:08] [main/INFO] [FML/]: Forge Mod Loader version 11.15.1.2318 for Minecraft 1.8.9 loading
[15:26:08] [main/INFO] [FML/]: Java is Java HotSpot(TM) 64-Bit Server VM, version 1.8.0_451, running on Windows 11:amd64:10.0, installed at E:\github\NanoMC\mcdata\java
[15:26:08] [main/DEBUG] [FML/]: Java classpath at launch is E:\github\NanoMC\mcdata\libraries\oshi-project\oshi-core\1.1\oshi-core-1.1.jar;E:\github\NanoMC\mcdata\libraries\org\lwjgl\lwjgl\lwjgl\2.9.4-nightly-20150209\lwjgl-2.9.4-nightly-20150209.jar;E:\github\NanoMC\mcdata\libraries\org\lwjgl\lwjgl\lwjgl-platform\2.9.4-nightly-20150209\lwjgl-platform-2.9.4-nightly-20150209-natives-windows.jar;E:\github\NanoMC\mcdata\libraries\org\lwjgl\lwjgl\lwjgl_util\2.9.4-nightly-20150209\lwjgl_util-2.9.4-nightly-20150209.jar;E:\github\NanoMC\mcdata\libraries\org\apache\commons\commons-lang3\3.3.2\commons-lang3-3.3.2.jar;E:\github\NanoMC\mcdata\libraries\org\apache\commons\commons-compress\1.8.1\commons-compress-1.8.1.jar;E:\github\NanoMC\mcdata\libraries\org\apache\httpcomponents\httpcore\4.3.2\httpcore-4.3.2.jar;E:\github\NanoMC\mcdata\libraries\net\minecraftforge\forge\1.8.9-11.15.1.2318-1.8.9\forge-1.8.9-11.15.1.2318-1.8.9-universal.jar;E:\github\NanoMC\mcdata\libraries\net\minecraft\launchwrapper\1.12\launchwrapper-1.12.jar;E:\github\NanoMC\mcdata\libraries\org\apache\httpcomponents\httpclient\4.3.3\httpclient-4.3.3.jar;E:\github\NanoMC\mcdata\libraries\org\apache\logging\log4j\log4j-core\2.0-beta9\log4j-core-2.0-beta9.jar;E:\github\NanoMC\mcdata\libraries\org\apache\logging\log4j\log4j-api\2.0-beta9\log4j-api-2.0-beta9.jar;E:\github\NanoMC\mcdata\libraries\commons-logging\commons-logging\1.1.3\commons-logging-1.1.3.jar;E:\github\NanoMC\mcdata\libraries\net\sf\jopt-simple\jopt-simple\4.6\jopt-simple-4.6.jar;E:\github\NanoMC\mcdata\libraries\net\java\jutils\jutils\1.0.0\jutils-1.0.0.jar;E:\github\NanoMC\mcdata\libraries\net\java\dev\jna\platform\3.4.0\platform-3.4.0.jar;E:\github\NanoMC\mcdata\libraries\net\java\dev\jna\jna\3.4.0\jna-3.4.0.jar;E:\github\NanoMC\mcdata\libraries\net\java\jinput\jinput-platform\2.0.5\jinput-platform-2.0.5-natives-windows.jar;E:\github\NanoMC\mcdata\libraries\net\java\jinput\jinput\2.0.5\jinput-2.0.5.jar;E:\github\NanoMC\mcdata\libraries\commons-io\commons-io\2.4\commons-io-2.4.jar;E:\github\NanoMC\mcdata\libraries\tv\twitch\twitch-platform\6.5\twitch-platform-6.5-natives-windows-64.jar;E:\github\NanoMC\mcdata\libraries\tv\twitch\twitch-external-platform\4.5\twitch-external-platform-4.5-natives-windows-64.jar;E:\github\NanoMC\mcdata\libraries\tv\twitch\twitch\6.5\twitch-6.5.jar;E:\github\NanoMC\mcdata\libraries\io\netty\netty-all\4.0.23.Final\netty-all-4.0.23.Final.jar;E:\github\NanoMC\mcdata\libraries\com\google\code\gson\gson\2.2.4\gson-2.2.4.jar;E:\github\NanoMC\mcdata\libraries\com\google\guava\guava\17.0\guava-17.0.jar;E:\github\NanoMC\mcdata\libraries\com\paulscode\libraryjavasound\20101123\libraryjavasound-20101123.jar;E:\github\NanoMC\mcdata\libraries\com\paulscode\soundsystem\20120107\soundsystem-20120107.jar;E:\github\NanoMC\mcdata\libraries\com\paulscode\codecjorbis\20101023\codecjorbis-20101023.jar;E:\github\NanoMC\mcdata\libraries\com\paulscode\librarylwjglopenal\20100824\librarylwjglopenal-20100824.jar;E:\github\NanoMC\mcdata\libraries\com\paulscode\codecwav\20101023\codecwav-20101023.jar;E:\github\NanoMC\mcdata\libraries\com\mojang\authlib\1.5.21\authlib-1.5.21.jar;E:\github\NanoMC\mcdata\libraries\com\mojang\realms\1.7.53\realms-1.7.53.jar;E:\github\NanoMC\mcdata\libraries\com\ibm\icu\icu4j-core-mojang\51.2\icu4j-core-mojang-51.2.jar;E:\github\NanoMC\mcdata\libraries\commons-codec\commons-codec\1.9\commons-codec-1.9.jar;E:\github\NanoMC\mcdata\versions\1.8.9\1.8.9.jar
[15:26:08] [main/DEBUG] [FML/]: Java library path at launch is E:\github\NanoMC\mcdata\natives\1.8.9
[15:26:08] [main/DEBUG] [FML/]: Enabling runtime deobfuscation
[15:26:08] [main/DEBUG] [FML/]: Instantiating coremod class FMLCorePlugin
[15:26:08] [main/DEBUG] [FML/]: Added access transformer class net.minecraftforge.fml.common.asm.transformers.AccessTransformer to enqueued access transformers
[15:26:08] [main/DEBUG] [FML/]: Enqueued coremod FMLCorePlugin
[15:26:08] [main/DEBUG] [FML/]: Instantiating coremod class FMLForgePlugin
[15:26:08] [main/DEBUG] [FML/]: Enqueued coremod FMLForgePlugin
[15:26:08] [main/DEBUG] [FML/]: All fundamental core mods are successfully located
[15:26:08] [main/DEBUG] [FML/]: Attempting to load commandline specified mods, relative to E:\github\NanoMC\mcdata
[15:26:08] [main/DEBUG] [FML/]: Discovering coremods
[15:26:08] [main/INFO] [LaunchWrapper/]: Loading tweak class name net.minecraftforge.fml.common.launcher.FMLInjectionAndSortingTweaker
[15:26:08] [main/INFO] [LaunchWrapper/]: Loading tweak class name net.minecraftforge.fml.common.launcher.FMLDeobfTweaker
[15:26:08] [main/INFO] [LaunchWrapper/]: Calling tweak class net.minecraftforge.fml.common.launcher.FMLInjectionAndSortingTweaker
[15:26:08] [main/INFO] [LaunchWrapper/]: Calling tweak class net.minecraftforge.fml.common.launcher.FMLInjectionAndSortingTweaker
[15:26:08] [main/INFO] [LaunchWrapper/]: Calling tweak class net.minecraftforge.fml.relauncher.CoreModManager$FMLPluginWrapper
[15:26:08] [main/DEBUG] [FML/]: Injecting coremod FMLCorePlugin {net.minecraftforge.fml.relauncher.FMLCorePlugin} class transformers
[15:26:08] [main/TRACE] [FML/]: Registering transformer net.minecraftforge.fml.common.asm.transformers.BlamingTransformer
[15:26:08] [main/INFO] [STDERR/]: [java.lang.ThreadGroup:uncaughtException:1052]: java.lang.NoClassDefFoundError: org/objectweb/asm/ClassVisitor
[15:26:08] [main/INFO] [STDERR/]: [java.lang.ThreadGroup:uncaughtException:1052]: 	at net.minecraftforge.fml.relauncher.CoreModManager$FMLPluginWrapper.injectIntoClassLoader(CoreModManager.java:124)
[15:26:08] [main/INFO] [STDERR/]: [java.lang.ThreadGroup:uncaughtException:1052]: 	at net.minecraft.launchwrapper.Launch.launch(Launch.java:115)
[15:26:08] [main/INFO] [STDERR/]: [java.lang.ThreadGroup:uncaughtException:1052]: 	at net.minecraft.launchwrapper.Launch.main(Launch.java:28)
[15:26:08] [main/INFO] [STDERR/]: [java.lang.ThreadGroup:uncaughtException:1061]: Caused by: java.lang.ClassNotFoundException: org.objectweb.asm.ClassVisitor
[15:26:08] [main/INFO] [STDERR/]: [java.lang.ThreadGroup:uncaughtException:1061]: 	at java.net.URLClassLoader.findClass(URLClassLoader.java:387)
[15:26:08] [main/INFO] [STDERR/]: [java.lang.ThreadGroup:uncaughtException:1061]: 	at java.lang.ClassLoader.loadClass(ClassLoader.java:418)
[15:26:08] [main/INFO] [STDERR/]: [java.lang.ThreadGroup:uncaughtException:1061]: 	at sun.misc.Launcher$AppClassLoader.loadClass(Launcher.java:371)
[15:26:08] [main/INFO] [STDERR/]: [java.lang.ThreadGroup:uncaughtException:1061]: 	at java.lang.ClassLoader.loadClass(ClassLoader.java:351)
[15:26:08] [main/INFO] [STDERR/]: [java.lang.ThreadGroup:uncaughtException:1061]: 	... 3 more
