[17:29:37] [Client thread/INFO]: Setting user: kiomax
[17:29:41] [Client thread/INFO]: LWJGL Version: 2.9.4
[17:29:47] [Client thread/INFO]: Reloading ResourceManager: Default, FMLFileResourcePack:Forge Mod Loader, FMLFileResourcePack:Minecraft Forge
[17:29:47] [Sound Library Loader/INFO]: Starting up SoundSystem...
[17:29:48] [Thread-9/INFO]: Initializing LWJGL OpenAL
[17:29:48] [Thread-9/INFO]: (The LWJGL binding of OpenAL.  For more information, see http://www.lwjgl.org)
[17:29:48] [Thread-9/INFO]: OpenAL initialized.
[17:29:48] [Sound Library Loader/INFO]: Sound engine started
[17:29:51] [Client thread/INFO]: Created: 16x16 textures-atlas
[17:29:52] [Client thread/INFO]: Reloading ResourceManager: Default, FMLFileResourcePack:Forge Mod Loader, FMLFileResourcePack:Minecraft Forge
[17:29:52] [Client thread/INFO]: SoundSystem shutting down...
[17:29:52] [Client thread/WARN]: Author: Paul Lamb, www.paulscode.com
[17:29:52] [Sound Library Loader/INFO]: Starting up SoundSystem...
[17:29:53] [Thread-11/INFO]: Initializing LWJGL OpenAL
[17:29:53] [Thread-11/INFO]: (The LWJGL binding of OpenAL.  For more information, see http://www.lwjgl.org)
[17:29:53] [Thread-11/INFO]: OpenAL initialized.
[17:29:53] [Sound Library Loader/INFO]: Sound engine started
[17:29:55] [Client thread/INFO]: Created: 512x512 textures-atlas
[17:29:55] [Client thread/ERROR]: Realms module missing
java.lang.ClassNotFoundException: com.mojang.realmsclient.gui.screens.RealmsNotificationsScreen
	at net.minecraft.launchwrapper.LaunchClassLoader.findClass(LaunchClassLoader.java:191) ~[launchwrapper-1.12.jar:?]
	at java.lang.ClassLoader.loadClass(ClassLoader.java:418) ~[?:1.8.0_451]
	at java.lang.ClassLoader.loadClass(ClassLoader.java:351) ~[?:1.8.0_451]
	at java.lang.Class.forName0(Native Method) ~[?:1.8.0_451]
	at java.lang.Class.forName(Class.java:264) ~[?:1.8.0_451]
	at net.minecraft.realms.RealmsBridge.getNotificationScreen(SourceFile:32) [RealmsBridge.class:?]
	at net.minecraft.client.gui.GuiMainMenu.func_73866_w_(GuiMainMenu.java:211) [aya.class:?]
	at net.minecraft.client.gui.GuiScreen.func_146280_a(GuiScreen.java:502) [axu.class:?]
	at net.minecraft.client.Minecraft.func_147108_a(Minecraft.java:930) [ave.class:?]
	at net.minecraft.client.Minecraft.func_71384_a(Minecraft.java:505) [ave.class:?]
	at net.minecraft.client.Minecraft.func_99999_d(Minecraft.java:329) [ave.class:?]
	at net.minecraft.client.main.Main.main(SourceFile:124) [Main.class:?]
	at sun.reflect.NativeMethodAccessorImpl.invoke0(Native Method) ~[?:1.8.0_451]
	at sun.reflect.NativeMethodAccessorImpl.invoke(NativeMethodAccessorImpl.java:62) ~[?:1.8.0_451]
	at sun.reflect.DelegatingMethodAccessorImpl.invoke(DelegatingMethodAccessorImpl.java:43) ~[?:1.8.0_451]
	at java.lang.reflect.Method.invoke(Method.java:498) ~[?:1.8.0_451]
	at net.minecraft.launchwrapper.Launch.launch(Launch.java:135) [launchwrapper-1.12.jar:?]
	at net.minecraft.launchwrapper.Launch.main(Launch.java:28) [launchwrapper-1.12.jar:?]
Caused by: java.lang.NullPointerException
[17:29:55] [Client thread/INFO]: Stopping!
[17:29:55] [Client thread/INFO]: SoundSystem shutting down...
[17:29:56] [Client thread/WARN]: Author: Paul Lamb, www.paulscode.com
